2015-06-29 03:56:12,852 [Worker-1] INFO  o.e.m.c.i.l.LifecycleMappingFactory - Using org.eclipse.m2e.jdt.JarLifecycleMapping lifecycle mapping for MavenProject: com.fieldmaster.resource:faction:0.0.1-SNAPSHOT @ C:\Users\Devin Duanne\Documents\GitHub\FactionChannel\faction\pom.xml.
2015-06-29 03:56:15,658 [Worker-1] INFO  o.e.m.j.i.AbstractJavaProjectConfigurator - Adding source folder /faction/src/main/java
2015-06-29 03:56:15,662 [Worker-3] INFO  o.e.m.c.i.l.LifecycleMappingFactory - Using org.eclipse.m2e.jdt.JarLifecycleMapping lifecycle mapping for MavenProject: com.fieldmaster.resource:faction:0.0.1-SNAPSHOT @ C:\Users\Devin Duanne\Documents\GitHub\FactionChannel\faction\pom.xml.
2015-06-29 03:56:15,687 [Worker-1] INFO  o.e.m.j.i.AbstractJavaProjectConfigurator - Adding resource folder /faction/src/main/resources
2015-06-29 03:56:15,688 [Worker-1] INFO  o.e.m.j.i.AbstractJavaProjectConfigurator - Adding source folder /faction/src/test/java
2015-06-29 03:56:15,689 [Worker-1] INFO  o.e.m.j.i.AbstractJavaProjectConfigurator - Adding resource folder /faction/src/test/resources
2015-06-29 03:56:22,261 [Worker-1] INFO  o.e.m.c.i.l.LifecycleMappingFactory - Using org.eclipse.m2e.jdt.JarLifecycleMapping lifecycle mapping for MavenProject: com.fieldmaster.resource:faction:0.0.1-SNAPSHOT @ C:\Users\Devin Duanne\Documents\GitHub\FactionChannel\faction\pom.xml.
2015-06-29 03:56:22,402 [Worker-1] WARN  o.e.m.c.i.embedder.EclipseLogger - Using platform encoding (Cp1252 actually) to copy filtered resources, i.e. build is platform dependent!
2015-06-29 03:56:22,437 [Worker-1] INFO  o.e.m.c.i.embedder.EclipseLogger - Copying 0 resource
2015-06-29 03:56:22,441 [Worker-1] WARN  o.e.m.c.i.embedder.EclipseLogger - Using platform encoding (Cp1252 actually) to copy filtered resources, i.e. build is platform dependent!
2015-06-29 03:56:22,443 [Worker-1] INFO  o.e.m.c.i.embedder.EclipseLogger - Copying 0 resource
2015-06-29 03:57:29,317 [Worker-0] INFO  o.e.m.c.i.l.LifecycleMappingFactory - Using org.eclipse.m2e.jdt.JarLifecycleMapping lifecycle mapping for MavenProject: com.fieldmaster.resource:faction:0.0.1-SNAPSHOT @ C:\Users\Devin Duanne\Documents\GitHub\FactionChannel\faction\pom.xml.
2015-06-29 03:57:29,702 [Worker-0] WARN  o.e.m.c.i.embedder.EclipseLogger - Using platform encoding (Cp1252 actually) to copy filtered resources, i.e. build is platform dependent!
2015-06-29 03:57:29,708 [Worker-0] INFO  o.e.m.c.i.embedder.EclipseLogger - Copying 0 resource
2015-06-29 03:57:29,711 [Worker-0] WARN  o.e.m.c.i.embedder.EclipseLogger - Using platform encoding (Cp1252 actually) to copy filtered resources, i.e. build is platform dependent!
2015-06-29 03:57:29,713 [Worker-0] INFO  o.e.m.c.i.embedder.EclipseLogger - Copying 0 resource
2015-06-29 03:57:59,846 [Worker-0] INFO  o.e.m.c.i.p.ProjectConfigurationManager - Update started
2015-06-29 03:57:59,954 [Worker-0] INFO  o.e.m.c.i.l.LifecycleMappingFactory - Using org.eclipse.m2e.jdt.JarLifecycleMapping lifecycle mapping for MavenProject: com.fieldmaster.resource:faction:0.0.1-SNAPSHOT @ C:\Users\Devin Duanne\Documents\GitHub\FactionChannel\faction\pom.xml.
2015-06-29 03:58:00,041 [Worker-0] INFO  o.e.m.j.i.AbstractJavaProjectConfigurator - Adding source folder /faction/src/main/java
2015-06-29 03:58:00,042 [Worker-0] INFO  o.e.m.j.i.AbstractJavaProjectConfigurator - Adding resource folder /faction/src/main/resources
2015-06-29 03:58:00,044 [Worker-0] INFO  o.e.m.j.i.AbstractJavaProjectConfigurator - Adding source folder /faction/src/test/java
2015-06-29 03:58:00,044 [Worker-0] INFO  o.e.m.j.i.AbstractJavaProjectConfigurator - Adding resource folder /faction/src/test/resources
2015-06-29 03:58:00,194 [Worker-0] INFO  o.e.m.c.i.p.ProjectConfigurationManager - Update completed: 0 sec
2015-06-29 03:58:00,367 [Worker-5] WARN  o.e.m.c.i.embedder.EclipseLogger - Using platform encoding (Cp1252 actually) to copy filtered resources, i.e. build is platform dependent!
2015-06-29 03:58:00,368 [Worker-5] INFO  o.e.m.c.i.embedder.EclipseLogger - Copying 0 resource
2015-06-29 03:58:00,372 [Worker-5] WARN  o.e.m.c.i.embedder.EclipseLogger - Using platform encoding (Cp1252 actually) to copy filtered resources, i.e. build is platform dependent!
2015-06-29 03:58:00,373 [Worker-5] INFO  o.e.m.c.i.embedder.EclipseLogger - Copying 0 resource
2015-06-29 03:59:20,285 [Worker-4] INFO  o.e.m.c.i.l.LifecycleMappingFactory - Using org.eclipse.m2e.jdt.JarLifecycleMapping lifecycle mapping for MavenProject: com.feildmaster.module.faction:FactionChannel:1.2 @ C:\Users\Devin Duanne\Documents\GitHub\FactionChannel\faction\pom.xml.
2015-06-29 03:59:21,192 [Worker-4] INFO  o.e.m.c.i.e.AbstractTransferListenerAdapter - Downloaded http://repo.bukkit.org/content/groups/public/org/bukkit/bukkit/1.1-R3/bukkit-1.1-R3.pom
2015-06-29 03:59:21,367 [Worker-4] INFO  o.e.m.c.i.e.AbstractTransferListenerAdapter - Downloaded http://repo.bukkit.org/content/groups/public/com/feildmaster/channelchat/ChannelChat/0.6-beta/ChannelChat-0.6-beta.pom
2015-06-29 03:59:21,656 [Worker-4] INFO  o.e.m.c.i.e.AbstractTransferListenerAdapter - Downloaded http://repo.feildmaster.com/com/feildmaster/channelchat/ChannelChat/0.6-beta/ChannelChat-0.6-beta.pom
2015-06-29 03:59:21,832 [Worker-4] INFO  o.e.m.c.i.e.AbstractTransferListenerAdapter - Downloaded http://repo.maven.apache.org/maven2/com/feildmaster/channelchat/ChannelChat/0.6-beta/ChannelChat-0.6-beta.pom
2015-06-29 03:59:21,836 [Worker-4] WARN  o.e.m.c.i.embedder.EclipseLogger - The POM for com.feildmaster.channelchat:ChannelChat:jar:0.6-beta is missing, no dependency information available
2015-06-29 03:59:21,933 [Worker-4] INFO  o.e.m.c.i.e.AbstractTransferListenerAdapter - Downloaded http://repo.bukkit.org/content/groups/public/com/massivecraft/factions/Factions/1.6.1/Factions-1.6.1.pom
2015-06-29 03:59:22,146 [Worker-4] INFO  o.e.m.c.i.e.AbstractTransferListenerAdapter - Downloaded http://repo.feildmaster.com/com/massivecraft/factions/Factions/1.6.1/Factions-1.6.1.pom
2015-06-29 03:59:22,269 [Worker-4] INFO  o.e.m.c.i.e.AbstractTransferListenerAdapter - Downloaded http://repo.maven.apache.org/maven2/com/massivecraft/factions/Factions/1.6.1/Factions-1.6.1.pom
2015-06-29 03:59:22,272 [Worker-4] WARN  o.e.m.c.i.embedder.EclipseLogger - The POM for com.massivecraft.factions:Factions:jar:1.6.1 is missing, no dependency information available
2015-06-29 03:59:22,489 [Worker-4] INFO  o.e.m.c.i.e.AbstractTransferListenerAdapter - Downloading http://repo.bukkit.org/content/groups/public/org/bukkit/bukkit/1.1-R3/bukkit-1.1-R3.jar
2015-06-29 03:59:27,071 [Worker-4] INFO  o.e.m.c.i.e.AbstractTransferListenerAdapter - Downloaded http://repo.bukkit.org/content/groups/public/org/bukkit/bukkit/1.1-R3/bukkit-1.1-R3.jar
2015-06-29 03:59:27,207 [Worker-4] INFO  o.e.m.c.i.e.AbstractTransferListenerAdapter - Downloaded http://repo.bukkit.org/content/groups/public/com/feildmaster/channelchat/ChannelChat/0.6-beta/ChannelChat-0.6-beta.jar
2015-06-29 03:59:27,346 [Worker-4] INFO  o.e.m.c.i.e.AbstractTransferListenerAdapter - Downloaded http://repo.bukkit.org/content/groups/public/com/massivecraft/factions/Factions/1.6.1/Factions-1.6.1.jar
2015-06-29 03:59:27,933 [Worker-4] INFO  o.e.m.c.i.e.AbstractTransferListenerAdapter - Downloaded http://repo.feildmaster.com/com/feildmaster/channelchat/ChannelChat/0.6-beta/ChannelChat-0.6-beta.jar
2015-06-29 03:59:28,081 [Worker-4] INFO  o.e.m.c.i.e.AbstractTransferListenerAdapter - Downloaded http://repo.feildmaster.com/com/massivecraft/factions/Factions/1.6.1/Factions-1.6.1.jar
2015-06-29 03:59:28,185 [Worker-4] INFO  o.e.m.c.i.e.AbstractTransferListenerAdapter - Downloaded http://repo.maven.apache.org/maven2/com/feildmaster/channelchat/ChannelChat/0.6-beta/ChannelChat-0.6-beta.jar
2015-06-29 03:59:28,280 [Worker-4] INFO  o.e.m.c.i.e.AbstractTransferListenerAdapter - Downloaded http://repo.maven.apache.org/maven2/com/massivecraft/factions/Factions/1.6.1/Factions-1.6.1.jar
2015-06-29 03:59:28,625 [Worker-4] INFO  o.e.m.c.i.embedder.EclipseLogger - Using 'UTF-8' encoding to copy filtered resources.
2015-06-29 03:59:28,628 [Worker-4] INFO  o.e.m.c.i.embedder.EclipseLogger - Copying 2 resources
2015-06-29 03:59:28,678 [Worker-4] INFO  o.e.m.c.i.embedder.EclipseLogger - Using 'UTF-8' encoding to copy filtered resources.
2015-06-29 03:59:28,679 [Worker-4] INFO  o.e.m.c.i.embedder.EclipseLogger - Copying 0 resource
2015-06-29 04:01:59,416 [Worker-3] INFO  o.e.m.c.i.l.LifecycleMappingFactory - Using org.eclipse.m2e.jdt.JarLifecycleMapping lifecycle mapping for MavenProject: com.feildmaster.module.faction:FactionChannel:1.2 @ C:\Users\Devin Duanne\Documents\GitHub\FactionChannel\faction\pom.xml.
2015-06-29 04:01:59,539 [Worker-1] INFO  o.e.m.c.i.e.AbstractTransferListenerAdapter - Downloaded http://repo.bukkit.org/content/groups/public/com/feildmaster/channelchat/ChannelChat/0.6.3/ChannelChat-0.6.3.pom
2015-06-29 04:01:59,742 [Worker-1] INFO  o.e.m.c.i.e.AbstractTransferListenerAdapter - Downloaded http://repo.feildmaster.com/com/feildmaster/channelchat/ChannelChat/0.6.3/ChannelChat-0.6.3.pom
2015-06-29 04:01:59,869 [Worker-1] INFO  o.e.m.c.i.e.AbstractTransferListenerAdapter - Downloaded http://repo.maven.apache.org/maven2/com/feildmaster/channelchat/ChannelChat/0.6.3/ChannelChat-0.6.3.pom
2015-06-29 04:01:59,872 [Worker-1] WARN  o.e.m.c.i.embedder.EclipseLogger - The POM for com.feildmaster.channelchat:ChannelChat:jar:0.6.3 is missing, no dependency information available
2015-06-29 04:01:59,876 [Worker-3] WARN  o.e.m.c.i.embedder.EclipseLogger - The POM for com.feildmaster.channelchat:ChannelChat:jar:0.6.3 is missing, no dependency information available
2015-06-29 04:01:59,894 [Worker-3] WARN  o.e.m.c.i.embedder.EclipseLogger - The POM for com.massivecraft.factions:Factions:jar:1.6.1 is missing, no dependency information available
2015-06-29 04:01:59,899 [Worker-1] WARN  o.e.m.c.i.embedder.EclipseLogger - The POM for com.massivecraft.factions:Factions:jar:1.6.1 is missing, no dependency information available
2015-06-29 04:02:00,037 [Worker-3] INFO  o.e.m.c.i.e.AbstractTransferListenerAdapter - Downloaded http://repo.bukkit.org/content/groups/public/com/feildmaster/channelchat/ChannelChat/0.6.3/ChannelChat-0.6.3.jar
2015-06-29 04:02:00,204 [Worker-3] INFO  o.e.m.c.i.e.AbstractTransferListenerAdapter - Downloaded http://repo.feildmaster.com/com/feildmaster/channelchat/ChannelChat/0.6.3/ChannelChat-0.6.3.jar
2015-06-29 04:02:00,307 [Worker-3] INFO  o.e.m.c.i.e.AbstractTransferListenerAdapter - Downloaded http://repo.maven.apache.org/maven2/com/feildmaster/channelchat/ChannelChat/0.6.3/ChannelChat-0.6.3.jar
2015-06-29 04:02:00,486 [Worker-3] INFO  o.e.m.c.i.embedder.EclipseLogger - Using 'UTF-8' encoding to copy filtered resources.
2015-06-29 04:02:00,487 [Worker-3] INFO  o.e.m.c.i.embedder.EclipseLogger - Copying 0 resource
2015-06-29 04:02:00,489 [Worker-3] INFO  o.e.m.c.i.embedder.EclipseLogger - Using 'UTF-8' encoding to copy filtered resources.
2015-06-29 04:02:00,490 [Worker-3] INFO  o.e.m.c.i.embedder.EclipseLogger - Copying 0 resource
2015-06-29 04:05:29,776 [main] WARN  o.e.m.c.i.embedder.EclipseLogger - The POM for com.feildmaster.channelchat:ChannelChat:jar:0.6.3 is missing, no dependency information available
2015-06-29 04:05:29,787 [main] WARN  o.e.m.c.i.embedder.EclipseLogger - The POM for com.massivecraft.factions:Factions:jar:1.6.1 is missing, no dependency information available
2015-06-29 04:05:39,739 [Worker-6] INFO  o.e.m.c.i.l.LifecycleMappingFactory - Using org.eclipse.m2e.jdt.JarLifecycleMapping lifecycle mapping for MavenProject: com.feildmaster.module.faction:FactionChannel:1.2 @ C:\Users\Devin Duanne\Documents\GitHub\FactionChannel\faction\pom.xml.
2015-06-29 04:05:40,114 [Worker-6] WARN  o.e.m.c.i.embedder.EclipseLogger - The POM for com.massivecraft.factions:Factions:jar:1.6.1 is missing, no dependency information available
2015-06-29 04:05:40,361 [Worker-6] INFO  o.e.m.c.i.embedder.EclipseLogger - Using 'UTF-8' encoding to copy filtered resources.
2015-06-29 04:05:40,361 [Worker-6] INFO  o.e.m.c.i.embedder.EclipseLogger - Copying 0 resource
2015-06-29 04:05:40,364 [Worker-6] INFO  o.e.m.c.i.embedder.EclipseLogger - Using 'UTF-8' encoding to copy filtered resources.
2015-06-29 04:05:40,365 [Worker-6] INFO  o.e.m.c.i.embedder.EclipseLogger - Copying 0 resource
2015-06-29 04:05:44,400 [Worker-7] WARN  o.e.m.c.i.embedder.EclipseLogger - The POM for com.massivecraft.factions:Factions:jar:1.6.1 is missing, no dependency information available
2015-06-29 04:07:22,020 [Worker-8] INFO  o.e.m.c.i.l.LifecycleMappingFactory - Using org.eclipse.m2e.jdt.JarLifecycleMapping lifecycle mapping for MavenProject: com.feildmaster.module.faction:FactionChannel:1.2 @ C:\Users\Devin Duanne\Documents\GitHub\FactionChannel\faction\pom.xml.
2015-06-29 04:07:22,044 [Worker-8] WARN  o.e.m.c.i.embedder.EclipseLogger - The POM for com.feildmaster.channelchat:ChannelChat:jar:0.6-beta is missing, no dependency information available
2015-06-29 04:07:22,053 [Worker-8] WARN  o.e.m.c.i.embedder.EclipseLogger - The POM for com.massivecraft.factions:Factions:jar:1.6.1 is missing, no dependency information available
2015-06-29 04:07:22,194 [Worker-8] INFO  o.e.m.c.i.embedder.EclipseLogger - Using 'UTF-8' encoding to copy filtered resources.
2015-06-29 04:07:22,195 [Worker-8] INFO  o.e.m.c.i.embedder.EclipseLogger - Copying 0 resource
2015-06-29 04:07:22,198 [Worker-8] INFO  o.e.m.c.i.embedder.EclipseLogger - Using 'UTF-8' encoding to copy filtered resources.
2015-06-29 04:07:22,200 [Worker-8] INFO  o.e.m.c.i.embedder.EclipseLogger - Copying 0 resource
2015-06-29 04:17:43,005 [Worker-8] INFO  o.e.m.c.i.l.LifecycleMappingFactory - Using org.eclipse.m2e.jdt.JarLifecycleMapping lifecycle mapping for MavenProject: com.feildmaster.module.faction:FactionChannel:1.2 @ C:\Users\Devin Duanne\Documents\GitHub\FactionChannel\faction\pom.xml.
2015-06-29 04:17:43,227 [pool-2-thread-2] INFO  o.e.m.c.i.e.AbstractTransferListenerAdapter - Downloaded http://repo.feildmaster.com/org/bukkit/bukkit/1.8-R0.1-SNAPSHOT/maven-metadata.xml
2015-06-29 04:17:45,619 [pool-2-thread-1] INFO  o.e.m.c.i.e.AbstractTransferListenerAdapter - Downloaded https://hub.spigotmc.org/nexus/content/groups/public/org/bukkit/bukkit/1.8-R0.1-SNAPSHOT/maven-metadata.xml
2015-06-29 04:17:46,313 [Worker-10] INFO  o.e.m.c.i.e.AbstractTransferListenerAdapter - Downloaded https://hub.spigotmc.org/nexus/content/groups/public/org/bukkit/bukkit/1.8-R0.1-SNAPSHOT/bukkit-1.8-R0.1-20150227.224714-194.pom
2015-06-29 04:17:47,850 [Worker-8] INFO  o.e.m.c.i.e.AbstractTransferListenerAdapter - Downloaded https://hub.spigotmc.org/nexus/content/groups/public/commons-lang/commons-lang/2.6/commons-lang-2.6.pom
2015-06-29 04:17:48,582 [Worker-8] INFO  o.e.m.c.i.e.AbstractTransferListenerAdapter - Downloaded https://hub.spigotmc.org/nexus/content/groups/public/org/apache/commons/commons-parent/17/commons-parent-17.pom
2015-06-29 04:17:49,341 [Worker-8] INFO  o.e.m.c.i.e.AbstractTransferListenerAdapter - Downloaded https://hub.spigotmc.org/nexus/content/groups/public/org/apache/apache/7/apache-7.pom
2015-06-29 04:17:49,987 [Worker-8] INFO  o.e.m.c.i.e.AbstractTransferListenerAdapter - Downloaded https://hub.spigotmc.org/nexus/content/groups/public/com/googlecode/json-simple/json-simple/1.1.1/json-simple-1.1.1.pom
2015-06-29 04:17:50,622 [Worker-8] INFO  o.e.m.c.i.e.AbstractTransferListenerAdapter - Downloaded https://hub.spigotmc.org/nexus/content/groups/public/junit/junit/4.10/junit-4.10.pom
2015-06-29 04:17:51,665 [Worker-8] INFO  o.e.m.c.i.e.AbstractTransferListenerAdapter - Downloaded https://hub.spigotmc.org/nexus/content/groups/public/org/hamcrest/hamcrest-core/1.1/hamcrest-core-1.1.pom
2015-06-29 04:17:52,796 [Worker-8] INFO  o.e.m.c.i.e.AbstractTransferListenerAdapter - Downloaded https://hub.spigotmc.org/nexus/content/groups/public/org/hamcrest/hamcrest-parent/1.1/hamcrest-parent-1.1.pom
2015-06-29 04:17:53,698 [Worker-8] INFO  o.e.m.c.i.e.AbstractTransferListenerAdapter - Downloaded https://hub.spigotmc.org/nexus/content/groups/public/org/avaje/ebean/2.8.1/ebean-2.8.1.pom
2015-06-29 04:17:54,358 [Worker-8] INFO  o.e.m.c.i.e.AbstractTransferListenerAdapter - Downloaded https://hub.spigotmc.org/nexus/content/groups/public/org/sonatype/oss/oss-parent/5/oss-parent-5.pom
2015-06-29 04:17:55,876 [Worker-10] INFO  o.e.m.c.i.e.AbstractTransferListenerAdapter - Downloaded https://hub.spigotmc.org/nexus/content/groups/public/javax/persistence/persistence-api/1.0/persistence-api-1.0.pom
2015-06-29 04:17:56,631 [Worker-10] INFO  o.e.m.c.i.e.AbstractTransferListenerAdapter - Downloaded https://hub.spigotmc.org/nexus/content/groups/public/org/yaml/snakeyaml/1.14/snakeyaml-1.14.pom
2015-06-29 04:17:56,939 [Worker-10] INFO  o.e.m.c.i.e.AbstractTransferListenerAdapter - Downloaded https://hub.spigotmc.org/nexus/content/groups/public/com/feildmaster/channelchat/ChannelChat/0.6-beta/ChannelChat-0.6-beta.pom
2015-06-29 04:17:56,952 [Worker-10] WARN  o.e.m.c.i.embedder.EclipseLogger - The POM for com.feildmaster.channelchat:ChannelChat:jar:0.6-beta is missing, no dependency information available
2015-06-29 04:17:56,952 [Worker-8] WARN  o.e.m.c.i.embedder.EclipseLogger - The POM for com.feildmaster.channelchat:ChannelChat:jar:0.6-beta is missing, no dependency information available
2015-06-29 04:17:57,233 [Worker-8] INFO  o.e.m.c.i.e.AbstractTransferListenerAdapter - Downloaded https://hub.spigotmc.org/nexus/content/groups/public/com/massivecraft/factions/Factions/1.6.1/Factions-1.6.1.pom
2015-06-29 04:17:57,237 [Worker-8] WARN  o.e.m.c.i.embedder.EclipseLogger - The POM for com.massivecraft.factions:Factions:jar:1.6.1 is missing, no dependency information available
2015-06-29 04:17:57,244 [Worker-10] WARN  o.e.m.c.i.embedder.EclipseLogger - The POM for com.massivecraft.factions:Factions:jar:1.6.1 is missing, no dependency information available
2015-06-29 04:17:58,232 [Worker-8] INFO  o.e.m.c.i.e.AbstractTransferListenerAdapter - Downloading https://hub.spigotmc.org/nexus/content/groups/public/org/bukkit/bukkit/1.8-R0.1-SNAPSHOT/bukkit-1.8-R0.1-20150227.224714-194.jar
2015-06-29 04:17:59,922 [Worker-8] INFO  o.e.m.c.i.e.AbstractTransferListenerAdapter - Downloaded https://hub.spigotmc.org/nexus/content/groups/public/org/bukkit/bukkit/1.8-R0.1-SNAPSHOT/bukkit-1.8-R0.1-20150227.224714-194.jar
2015-06-29 04:18:00,683 [Worker-8] INFO  o.e.m.c.i.e.AbstractTransferListenerAdapter - Downloading https://hub.spigotmc.org/nexus/content/groups/public/commons-lang/commons-lang/2.6/commons-lang-2.6.jar
2015-06-29 04:18:01,518 [Worker-8] INFO  o.e.m.c.i.e.AbstractTransferListenerAdapter - Downloaded https://hub.spigotmc.org/nexus/content/groups/public/commons-lang/commons-lang/2.6/commons-lang-2.6.jar
2015-06-29 04:18:02,264 [Worker-8] INFO  o.e.m.c.i.e.AbstractTransferListenerAdapter - Downloading https://hub.spigotmc.org/nexus/content/groups/public/com/googlecode/json-simple/json-simple/1.1.1/json-simple-1.1.1.jar
2015-06-29 04:18:02,585 [Worker-8] INFO  o.e.m.c.i.e.AbstractTransferListenerAdapter - Downloaded https://hub.spigotmc.org/nexus/content/groups/public/com/googlecode/json-simple/json-simple/1.1.1/json-simple-1.1.1.jar
2015-06-29 04:18:03,326 [Worker-8] INFO  o.e.m.c.i.e.AbstractTransferListenerAdapter - Downloading https://hub.spigotmc.org/nexus/content/groups/public/junit/junit/4.10/junit-4.10.jar
2015-06-29 04:18:04,649 [Worker-8] INFO  o.e.m.c.i.e.AbstractTransferListenerAdapter - Downloaded https://hub.spigotmc.org/nexus/content/groups/public/junit/junit/4.10/junit-4.10.jar
2015-06-29 04:18:05,423 [Worker-8] INFO  o.e.m.c.i.e.AbstractTransferListenerAdapter - Downloading https://hub.spigotmc.org/nexus/content/groups/public/org/hamcrest/hamcrest-core/1.1/hamcrest-core-1.1.jar
2015-06-29 04:18:05,994 [Worker-8] INFO  o.e.m.c.i.e.AbstractTransferListenerAdapter - Downloaded https://hub.spigotmc.org/nexus/content/groups/public/org/hamcrest/hamcrest-core/1.1/hamcrest-core-1.1.jar
2015-06-29 04:18:06,770 [Worker-8] INFO  o.e.m.c.i.e.AbstractTransferListenerAdapter - Downloading https://hub.spigotmc.org/nexus/content/groups/public/org/avaje/ebean/2.8.1/ebean-2.8.1.jar
2015-06-29 04:18:09,732 [Worker-8] INFO  o.e.m.c.i.e.AbstractTransferListenerAdapter - Downloaded https://hub.spigotmc.org/nexus/content/groups/public/org/avaje/ebean/2.8.1/ebean-2.8.1.jar
2015-06-29 04:18:10,568 [Worker-8] INFO  o.e.m.c.i.e.AbstractTransferListenerAdapter - Downloading https://hub.spigotmc.org/nexus/content/groups/public/javax/persistence/persistence-api/1.0/persistence-api-1.0.jar
2015-06-29 04:18:11,008 [Worker-8] INFO  o.e.m.c.i.e.AbstractTransferListenerAdapter - Downloaded https://hub.spigotmc.org/nexus/content/groups/public/javax/persistence/persistence-api/1.0/persistence-api-1.0.jar
2015-06-29 04:18:11,762 [Worker-8] INFO  o.e.m.c.i.e.AbstractTransferListenerAdapter - Downloading https://hub.spigotmc.org/nexus/content/groups/public/org/yaml/snakeyaml/1.14/snakeyaml-1.14.jar
2015-06-29 04:18:12,588 [Worker-8] INFO  o.e.m.c.i.e.AbstractTransferListenerAdapter - Downloaded https://hub.spigotmc.org/nexus/content/groups/public/org/yaml/snakeyaml/1.14/snakeyaml-1.14.jar
2015-06-29 04:18:13,262 [Worker-8] INFO  o.e.m.c.i.e.AbstractTransferListenerAdapter - Downloaded https://hub.spigotmc.org/nexus/content/groups/public/com/feildmaster/channelchat/ChannelChat/0.6-beta/ChannelChat-0.6-beta.jar
2015-06-29 04:18:13,993 [Worker-8] INFO  o.e.m.c.i.e.AbstractTransferListenerAdapter - Downloaded https://hub.spigotmc.org/nexus/content/groups/public/com/massivecraft/factions/Factions/1.6.1/Factions-1.6.1.jar
2015-06-29 04:18:16,857 [Worker-8] INFO  o.e.m.c.i.embedder.EclipseLogger - Using 'UTF-8' encoding to copy filtered resources.
2015-06-29 04:18:16,858 [Worker-8] INFO  o.e.m.c.i.embedder.EclipseLogger - Copying 0 resource
2015-06-29 04:18:16,861 [Worker-8] INFO  o.e.m.c.i.embedder.EclipseLogger - Using 'UTF-8' encoding to copy filtered resources.
2015-06-29 04:18:16,862 [Worker-8] INFO  o.e.m.c.i.embedder.EclipseLogger - Copying 0 resource
2015-06-29 04:22:26,464 [Worker-13] WARN  o.e.m.c.i.embedder.EclipseLogger - The POM for com.feildmaster.channelchat:ChannelChat:jar:0.6-beta is missing, no dependency information available
2015-06-29 04:22:26,474 [Worker-13] WARN  o.e.m.c.i.embedder.EclipseLogger - The POM for com.massivecraft.factions:Factions:jar:1.6.1 is missing, no dependency information available
2015-06-29 04:22:26,546 [Worker-13] INFO  o.e.m.c.i.embedder.EclipseLogger - Using 'UTF-8' encoding to copy filtered resources.
2015-06-29 04:22:26,549 [Worker-13] INFO  o.e.m.c.i.embedder.EclipseLogger - Copying 0 resource
2015-06-29 04:22:26,552 [Worker-13] INFO  o.e.m.c.i.embedder.EclipseLogger - Using 'UTF-8' encoding to copy filtered resources.
2015-06-29 04:22:26,554 [Worker-13] INFO  o.e.m.c.i.embedder.EclipseLogger - Copying 0 resource
2015-06-29 04:22:54,921 [Worker-8] INFO  o.e.m.c.i.l.LifecycleMappingFactory - Using org.eclipse.m2e.jdt.JarLifecycleMapping lifecycle mapping for MavenProject: com.feildmaster.module.faction:FactionChannel:1.2 @ C:\Users\Devin Duanne\Documents\GitHub\FactionChannel\faction\pom.xml.
2015-06-29 04:22:55,087 [Worker-8] WARN  o.e.m.c.i.embedder.EclipseLogger - The POM for com.feildmaster.channelchat:ChannelChat:jar:0.6-beta is missing, no dependency information available
2015-06-29 04:22:55,095 [Worker-8] WARN  o.e.m.c.i.embedder.EclipseLogger - The POM for com.massivecraft.factions:Factions:jar:1.6.1 is missing, no dependency information available
2015-06-29 04:22:55,293 [Worker-8] INFO  o.e.m.c.i.embedder.EclipseLogger - Using 'UTF-8' encoding to copy filtered resources.
2015-06-29 04:22:55,294 [Worker-8] INFO  o.e.m.c.i.embedder.EclipseLogger - Copying 0 resource
2015-06-29 04:22:55,296 [Worker-8] INFO  o.e.m.c.i.embedder.EclipseLogger - Using 'UTF-8' encoding to copy filtered resources.
2015-06-29 04:22:55,296 [Worker-8] INFO  o.e.m.c.i.embedder.EclipseLogger - Copying 0 resource
2015-06-29 04:23:00,235 [Worker-8] INFO  o.e.m.c.i.l.LifecycleMappingFactory - Using org.eclipse.m2e.jdt.JarLifecycleMapping lifecycle mapping for MavenProject: com.feildmaster.module.faction:FactionChannel:1.2 @ C:\Users\Devin Duanne\Documents\GitHub\FactionChannel\faction\pom.xml.
2015-06-29 04:23:00,469 [Worker-8] WARN  o.e.m.c.i.embedder.EclipseLogger - The POM for com.feildmaster.channelchat:ChannelChat:jar:0.6-beta is missing, no dependency information available
2015-06-29 04:23:00,489 [Worker-8] WARN  o.e.m.c.i.embedder.EclipseLogger - The POM for com.massivecraft.factions:Factions:jar:1.6.1 is missing, no dependency information available
2015-06-29 04:23:00,692 [Worker-8] INFO  o.e.m.c.i.embedder.EclipseLogger - Using 'UTF-8' encoding to copy filtered resources.
2015-06-29 04:23:00,693 [Worker-8] INFO  o.e.m.c.i.embedder.EclipseLogger - Copying 0 resource
2015-06-29 04:23:00,695 [Worker-8] INFO  o.e.m.c.i.embedder.EclipseLogger - Using 'UTF-8' encoding to copy filtered resources.
2015-06-29 04:23:00,695 [Worker-8] INFO  o.e.m.c.i.embedder.EclipseLogger - skip non existing resourceDirectory C:\Users\Devin Duanne\Documents\GitHub\FactionChannel\faction\src\test\resources
2015-06-29 04:23:23,503 [Worker-11] WARN  o.e.m.c.i.embedder.EclipseLogger - The POM for com.feildmaster.channelchat:ChannelChat:jar:0.6-beta is missing, no dependency information available
2015-06-29 04:23:23,509 [Worker-11] WARN  o.e.m.c.i.embedder.EclipseLogger - The POM for com.massivecraft.factions:Factions:jar:1.6.1 is missing, no dependency information available
2015-06-29 04:23:23,563 [Worker-3] INFO  o.e.m.c.i.l.LifecycleMappingFactory - Using org.eclipse.m2e.jdt.JarLifecycleMapping lifecycle mapping for MavenProject: com.feildmaster.module.faction:FactionChannel:2.0 @ C:\Users\Devin Duanne\Documents\GitHub\FactionChannel\faction\pom.xml.
2015-06-29 04:23:23,724 [Worker-3] WARN  o.e.m.c.i.embedder.EclipseLogger - The POM for com.feildmaster.channelchat:ChannelChat:jar:0.6-beta is missing, no dependency information available
2015-06-29 04:23:23,734 [Worker-3] WARN  o.e.m.c.i.embedder.EclipseLogger - The POM for com.massivecraft.factions:Factions:jar:1.6.1 is missing, no dependency information available
2015-06-29 04:23:24,091 [Worker-3] INFO  o.e.m.c.i.embedder.EclipseLogger - Using 'UTF-8' encoding to copy filtered resources.
2015-06-29 04:23:24,092 [Worker-3] INFO  o.e.m.c.i.embedder.EclipseLogger - Copying 0 resource
2015-06-29 04:23:24,093 [Worker-3] INFO  o.e.m.c.i.embedder.EclipseLogger - Using 'UTF-8' encoding to copy filtered resources.
2015-06-29 04:23:24,094 [Worker-3] INFO  o.e.m.c.i.embedder.EclipseLogger - skip non existing resourceDirectory C:\Users\Devin Duanne\Documents\GitHub\FactionChannel\faction\src\test\resources
2015-06-29 04:24:43,165 [Worker-13] INFO  o.e.m.c.i.l.LifecycleMappingFactory - Using org.eclipse.m2e.jdt.JarLifecycleMapping lifecycle mapping for MavenProject: com.feildmaster.module.faction:FactionChannel:2.0 @ C:\Users\Devin Duanne\Documents\GitHub\FactionChannel\faction\pom.xml.
2015-06-29 04:24:44,658 [Worker-12] WARN  o.e.m.c.i.embedder.EclipseLogger - The POM for com.feildmaster.channelchat:ChannelChat:jar:0.6-beta is missing, no dependency information available
2015-06-29 04:24:44,661 [Worker-13] WARN  o.e.m.c.i.embedder.EclipseLogger - The POM for com.feildmaster.channelchat:ChannelChat:jar:0.6-beta is missing, no dependency information available
2015-06-29 04:24:44,663 [Worker-12] WARN  o.e.m.c.i.embedder.EclipseLogger - The POM for com.massivecraft.factions:Factions:jar:1.6.1 is missing, no dependency information available
2015-06-29 04:24:44,666 [Worker-13] WARN  o.e.m.c.i.embedder.EclipseLogger - The POM for com.massivecraft.factions:Factions:jar:1.6.1 is missing, no dependency information available
2015-06-29 04:24:45,725 [Worker-13] INFO  o.e.m.c.i.embedder.EclipseLogger - Using 'UTF-8' encoding to copy filtered resources.
2015-06-29 04:24:45,726 [Worker-13] INFO  o.e.m.c.i.embedder.EclipseLogger - Copying 0 resource
2015-06-29 04:24:45,728 [Worker-13] INFO  o.e.m.c.i.embedder.EclipseLogger - Using 'UTF-8' encoding to copy filtered resources.
2015-06-29 04:24:45,729 [Worker-13] INFO  o.e.m.c.i.embedder.EclipseLogger - skip non existing resourceDirectory C:\Users\Devin Duanne\Documents\GitHub\FactionChannel\faction\src\test\resources
2015-06-29 04:24:47,041 [Worker-13] WARN  o.e.m.c.i.embedder.EclipseLogger - The POM for com.feildmaster.channelchat:ChannelChat:jar:0.6-beta is missing, no dependency information available
2015-06-29 04:24:47,047 [Worker-13] WARN  o.e.m.c.i.embedder.EclipseLogger - The POM for com.massivecraft.factions:Factions:jar:1.6.1 is missing, no dependency information available
2015-06-29 04:24:47,106 [Worker-13] INFO  o.e.m.c.i.embedder.EclipseLogger - Using 'UTF-8' encoding to copy filtered resources.
2015-06-29 04:24:47,107 [Worker-13] INFO  o.e.m.c.i.embedder.EclipseLogger - Copying 1 resource
2015-06-29 04:24:47,112 [Worker-13] INFO  o.e.m.c.i.embedder.EclipseLogger - Using 'UTF-8' encoding to copy filtered resources.
2015-06-29 04:24:47,112 [Worker-13] INFO  o.e.m.c.i.embedder.EclipseLogger - skip non existing resourceDirectory C:\Users\Devin Duanne\Documents\GitHub\FactionChannel\faction\src\test\resources
2015-06-29 04:27:46,784 [Worker-13] INFO  o.e.m.c.i.l.LifecycleMappingFactory - Using org.eclipse.m2e.jdt.JarLifecycleMapping lifecycle mapping for MavenProject: com.feildmaster.module.faction:FactionChannel:2.0 @ C:\Users\Devin Duanne\Documents\GitHub\FactionChannel\faction\pom.xml.
2015-06-29 04:27:46,957 [Worker-13] WARN  o.e.m.c.i.embedder.EclipseLogger - The POM for com.feildmaster.channelchat:ChannelChat:jar:0.6-beta is missing, no dependency information available
2015-06-29 04:27:46,963 [Worker-13] WARN  o.e.m.c.i.embedder.EclipseLogger - The POM for com.massivecraft.factions:Factions:jar:1.6.1 is missing, no dependency information available
2015-06-29 04:27:47,135 [Worker-13] INFO  o.e.m.c.i.embedder.EclipseLogger - Using 'UTF-8' encoding to copy filtered resources.
2015-06-29 04:27:47,136 [Worker-13] INFO  o.e.m.c.i.embedder.EclipseLogger - Copying 0 resource
2015-06-29 04:27:47,142 [Worker-13] INFO  o.e.m.c.i.embedder.EclipseLogger - Using 'UTF-8' encoding to copy filtered resources.
2015-06-29 04:27:47,143 [Worker-13] INFO  o.e.m.c.i.embedder.EclipseLogger - skip non existing resourceDirectory C:\Users\Devin Duanne\Documents\GitHub\FactionChannel\faction\src\test\resources
2015-06-29 04:32:18,539 [Worker-8] INFO  o.e.m.c.i.l.LifecycleMappingFactory - Using org.eclipse.m2e.jdt.JarLifecycleMapping lifecycle mapping for MavenProject: com.feildmaster.module.faction:FactionChannel:2.0 @ C:\Users\Devin Duanne\Documents\GitHub\FactionChannel\faction\pom.xml.
2015-06-29 04:32:19,192 [Worker-8] INFO  o.e.m.c.i.embedder.EclipseLogger - Using 'UTF-8' encoding to copy filtered resources.
2015-06-29 04:32:19,193 [Worker-8] INFO  o.e.m.c.i.embedder.EclipseLogger - Copying 0 resource
2015-06-29 04:32:19,196 [Worker-8] INFO  o.e.m.c.i.embedder.EclipseLogger - Using 'UTF-8' encoding to copy filtered resources.
2015-06-29 04:32:19,197 [Worker-8] INFO  o.e.m.c.i.embedder.EclipseLogger - skip non existing resourceDirectory C:\Users\Devin Duanne\Documents\GitHub\FactionChannel\faction\src\test\resources
2015-06-29 04:32:21,101 [Worker-13] INFO  o.e.m.c.i.embedder.EclipseLogger - Using 'UTF-8' encoding to copy filtered resources.
2015-06-29 04:32:21,103 [Worker-13] INFO  o.e.m.c.i.embedder.EclipseLogger - Copying 2 resources
2015-06-29 04:32:21,109 [Worker-13] INFO  o.e.m.c.i.embedder.EclipseLogger - Using 'UTF-8' encoding to copy filtered resources.
2015-06-29 04:32:21,110 [Worker-13] INFO  o.e.m.c.i.embedder.EclipseLogger - skip non existing resourceDirectory C:\Users\Devin Duanne\Documents\GitHub\FactionChannel\faction\src\test\resources
2015-06-29 04:32:51,877 [Worker-13] INFO  o.e.m.c.i.embedder.EclipseLogger - Using 'UTF-8' encoding to copy filtered resources.
2015-06-29 04:32:51,878 [Worker-13] INFO  o.e.m.c.i.embedder.EclipseLogger - Copying 0 resource
2015-06-29 04:32:51,880 [Worker-13] INFO  o.e.m.c.i.embedder.EclipseLogger - Using 'UTF-8' encoding to copy filtered resources.
2015-06-29 04:32:51,882 [Worker-13] INFO  o.e.m.c.i.embedder.EclipseLogger - skip non existing resourceDirectory C:\Users\Devin Duanne\Documents\GitHub\FactionChannel\faction\src\test\resources
2015-06-29 04:33:44,332 [Worker-11] INFO  o.e.m.c.i.embedder.EclipseLogger - Using 'UTF-8' encoding to copy filtered resources.
2015-06-29 04:33:44,335 [Worker-11] INFO  o.e.m.c.i.embedder.EclipseLogger - Copying 2 resources
2015-06-29 04:33:44,356 [Worker-11] INFO  o.e.m.c.i.embedder.EclipseLogger - Using 'UTF-8' encoding to copy filtered resources.
2015-06-29 04:33:44,357 [Worker-11] INFO  o.e.m.c.i.embedder.EclipseLogger - skip non existing resourceDirectory C:\Users\Devin Duanne\Documents\GitHub\FactionChannel\faction\src\test\resources
2015-06-29 04:35:57,377 [Worker-14] INFO  o.e.m.c.i.embedder.EclipseLogger - Using 'UTF-8' encoding to copy filtered resources.
2015-06-29 04:35:57,380 [Worker-14] INFO  o.e.m.c.i.embedder.EclipseLogger - Copying 2 resources
2015-06-29 04:35:57,386 [Worker-14] INFO  o.e.m.c.i.embedder.EclipseLogger - Using 'UTF-8' encoding to copy filtered resources.
2015-06-29 04:35:57,386 [Worker-14] INFO  o.e.m.c.i.embedder.EclipseLogger - skip non existing resourceDirectory C:\Users\Devin Duanne\Documents\GitHub\FactionChannel\faction\src\test\resources
2015-06-29 04:37:51,080 [Worker-18] INFO  o.e.m.c.i.embedder.EclipseLogger - Using 'UTF-8' encoding to copy filtered resources.
2015-06-29 04:37:51,083 [Worker-18] INFO  o.e.m.c.i.embedder.EclipseLogger - Copying 2 resources
2015-06-29 04:37:51,090 [Worker-18] INFO  o.e.m.c.i.embedder.EclipseLogger - Using 'UTF-8' encoding to copy filtered resources.
2015-06-29 04:37:51,091 [Worker-18] INFO  o.e.m.c.i.embedder.EclipseLogger - skip non existing resourceDirectory C:\Users\Devin Duanne\Documents\GitHub\FactionChannel\faction\src\test\resources
2015-06-29 04:38:17,847 [Worker-13] INFO  o.e.m.c.i.embedder.EclipseLogger - Using 'UTF-8' encoding to copy filtered resources.
2015-06-29 04:38:17,849 [Worker-13] INFO  o.e.m.c.i.embedder.EclipseLogger - Copying 2 resources
2015-06-29 04:38:17,858 [Worker-13] INFO  o.e.m.c.i.embedder.EclipseLogger - Using 'UTF-8' encoding to copy filtered resources.
2015-06-29 04:38:17,858 [Worker-13] INFO  o.e.m.c.i.embedder.EclipseLogger - skip non existing resourceDirectory C:\Users\Devin Duanne\Documents\GitHub\FactionChannel\faction\src\test\resources
2015-06-29 04:38:25,914 [Worker-11] INFO  o.e.m.c.i.embedder.EclipseLogger - Using 'UTF-8' encoding to copy filtered resources.
2015-06-29 04:38:25,918 [Worker-11] INFO  o.e.m.c.i.embedder.EclipseLogger - Copying 2 resources
2015-06-29 04:38:25,927 [Worker-11] INFO  o.e.m.c.i.embedder.EclipseLogger - Using 'UTF-8' encoding to copy filtered resources.
2015-06-29 04:38:25,927 [Worker-11] INFO  o.e.m.c.i.embedder.EclipseLogger - skip non existing resourceDirectory C:\Users\Devin Duanne\Documents\GitHub\FactionChannel\faction\src\test\resources
2015-06-29 04:39:32,622 [Worker-16] INFO  o.e.m.c.i.embedder.EclipseLogger - Using 'UTF-8' encoding to copy filtered resources.
2015-06-29 04:39:32,631 [Worker-16] INFO  o.e.m.c.i.embedder.EclipseLogger - Copying 2 resources
2015-06-29 04:39:32,640 [Worker-16] INFO  o.e.m.c.i.embedder.EclipseLogger - Using 'UTF-8' encoding to copy filtered resources.
2015-06-29 04:39:32,644 [Worker-16] INFO  o.e.m.c.i.embedder.EclipseLogger - skip non existing resourceDirectory C:\Users\Devin Duanne\Documents\GitHub\FactionChannel\faction\src\test\resources
2015-06-29 04:39:33,838 [Worker-14] INFO  o.e.m.c.i.embedder.EclipseLogger - Using 'UTF-8' encoding to copy filtered resources.
2015-06-29 04:39:33,845 [Worker-14] INFO  o.e.m.c.i.embedder.EclipseLogger - Copying 2 resources
2015-06-29 04:39:33,851 [Worker-14] INFO  o.e.m.c.i.embedder.EclipseLogger - Using 'UTF-8' encoding to copy filtered resources.
2015-06-29 04:39:33,853 [Worker-14] INFO  o.e.m.c.i.embedder.EclipseLogger - skip non existing resourceDirectory C:\Users\Devin Duanne\Documents\GitHub\FactionChannel\faction\src\test\resources
2015-06-29 04:39:48,157 [Worker-14] INFO  o.e.m.c.i.embedder.EclipseLogger - Using 'UTF-8' encoding to copy filtered resources.
2015-06-29 04:39:48,159 [Worker-14] INFO  o.e.m.c.i.embedder.EclipseLogger - Copying 2 resources
2015-06-29 04:39:48,164 [Worker-14] INFO  o.e.m.c.i.embedder.EclipseLogger - Using 'UTF-8' encoding to copy filtered resources.
2015-06-29 04:39:48,164 [Worker-14] INFO  o.e.m.c.i.embedder.EclipseLogger - skip non existing resourceDirectory C:\Users\Devin Duanne\Documents\GitHub\FactionChannel\faction\src\test\resources
2015-06-29 04:40:06,488 [Worker-14] INFO  o.e.m.c.i.embedder.EclipseLogger - Using 'UTF-8' encoding to copy filtered resources.
2015-06-29 04:40:06,491 [Worker-14] INFO  o.e.m.c.i.embedder.EclipseLogger - Copying 2 resources
2015-06-29 04:40:06,497 [Worker-14] INFO  o.e.m.c.i.embedder.EclipseLogger - Using 'UTF-8' encoding to copy filtered resources.
2015-06-29 04:40:06,497 [Worker-14] INFO  o.e.m.c.i.embedder.EclipseLogger - skip non existing resourceDirectory C:\Users\Devin Duanne\Documents\GitHub\FactionChannel\faction\src\test\resources
2015-06-29 04:40:10,322 [Worker-14] INFO  o.e.m.c.i.embedder.EclipseLogger - Using 'UTF-8' encoding to copy filtered resources.
2015-06-29 04:40:10,323 [Worker-14] INFO  o.e.m.c.i.embedder.EclipseLogger - Copying 2 resources
2015-06-29 04:40:10,348 [Worker-14] INFO  o.e.m.c.i.embedder.EclipseLogger - Using 'UTF-8' encoding to copy filtered resources.
2015-06-29 04:40:10,349 [Worker-14] INFO  o.e.m.c.i.embedder.EclipseLogger - skip non existing resourceDirectory C:\Users\Devin Duanne\Documents\GitHub\FactionChannel\faction\src\test\resources
2015-06-29 04:40:32,475 [Worker-18] INFO  o.e.m.c.i.embedder.EclipseLogger - Using 'UTF-8' encoding to copy filtered resources.
2015-06-29 04:40:32,478 [Worker-18] INFO  o.e.m.c.i.embedder.EclipseLogger - Copying 2 resources
2015-06-29 04:40:32,484 [Worker-18] INFO  o.e.m.c.i.embedder.EclipseLogger - Using 'UTF-8' encoding to copy filtered resources.
2015-06-29 04:40:32,484 [Worker-18] INFO  o.e.m.c.i.embedder.EclipseLogger - skip non existing resourceDirectory C:\Users\Devin Duanne\Documents\GitHub\FactionChannel\faction\src\test\resources
2015-06-29 04:42:09,070 [Worker-8] INFO  o.e.m.c.i.embedder.EclipseLogger - Using 'UTF-8' encoding to copy filtered resources.
2015-06-29 04:42:09,072 [Worker-8] INFO  o.e.m.c.i.embedder.EclipseLogger - Copying 2 resources
2015-06-29 04:42:09,077 [Worker-8] INFO  o.e.m.c.i.embedder.EclipseLogger - Using 'UTF-8' encoding to copy filtered resources.
2015-06-29 04:42:09,078 [Worker-8] INFO  o.e.m.c.i.embedder.EclipseLogger - skip non existing resourceDirectory C:\Users\Devin Duanne\Documents\GitHub\FactionChannel\faction\src\test\resources
2015-06-29 04:43:36,078 [Worker-16] INFO  o.e.m.c.i.embedder.EclipseLogger - Using 'UTF-8' encoding to copy filtered resources.
2015-06-29 04:43:36,083 [Worker-16] INFO  o.e.m.c.i.embedder.EclipseLogger - Copying 2 resources
2015-06-29 04:43:36,102 [Worker-16] INFO  o.e.m.c.i.embedder.EclipseLogger - Using 'UTF-8' encoding to copy filtered resources.
2015-06-29 04:43:36,103 [Worker-16] INFO  o.e.m.c.i.embedder.EclipseLogger - skip non existing resourceDirectory C:\Users\Devin Duanne\Documents\GitHub\FactionChannel\faction\src\test\resources
2015-06-29 04:43:40,662 [Worker-18] INFO  o.e.m.c.i.embedder.EclipseLogger - Using 'UTF-8' encoding to copy filtered resources.
2015-06-29 04:43:40,663 [Worker-18] INFO  o.e.m.c.i.embedder.EclipseLogger - Copying 2 resources
2015-06-29 04:43:40,670 [Worker-18] INFO  o.e.m.c.i.embedder.EclipseLogger - Using 'UTF-8' encoding to copy filtered resources.
2015-06-29 04:43:40,670 [Worker-18] INFO  o.e.m.c.i.embedder.EclipseLogger - skip non existing resourceDirectory C:\Users\Devin Duanne\Documents\GitHub\FactionChannel\faction\src\test\resources
2015-06-29 04:43:59,994 [Worker-17] INFO  o.e.m.c.i.embedder.EclipseLogger - Using 'UTF-8' encoding to copy filtered resources.
2015-06-29 04:44:00,011 [Worker-17] INFO  o.e.m.c.i.embedder.EclipseLogger - Copying 2 resources
2015-06-29 04:44:00,017 [Worker-17] INFO  o.e.m.c.i.embedder.EclipseLogger - Using 'UTF-8' encoding to copy filtered resources.
2015-06-29 04:44:00,017 [Worker-17] INFO  o.e.m.c.i.embedder.EclipseLogger - skip non existing resourceDirectory C:\Users\Devin Duanne\Documents\GitHub\FactionChannel\faction\src\test\resources
2015-06-29 04:45:37,583 [Worker-15] INFO  o.e.m.c.i.embedder.EclipseLogger - Using 'UTF-8' encoding to copy filtered resources.
2015-06-29 04:45:37,594 [Worker-15] INFO  o.e.m.c.i.embedder.EclipseLogger - Copying 2 resources
2015-06-29 04:45:37,600 [Worker-15] INFO  o.e.m.c.i.embedder.EclipseLogger - Using 'UTF-8' encoding to copy filtered resources.
2015-06-29 04:45:37,601 [Worker-15] INFO  o.e.m.c.i.embedder.EclipseLogger - skip non existing resourceDirectory C:\Users\Devin Duanne\Documents\GitHub\FactionChannel\faction\src\test\resources
2015-06-29 04:45:54,141 [Worker-8] INFO  o.e.m.c.i.embedder.EclipseLogger - Using 'UTF-8' encoding to copy filtered resources.
2015-06-29 04:45:54,142 [Worker-8] INFO  o.e.m.c.i.embedder.EclipseLogger - Copying 2 resources
2015-06-29 04:45:54,147 [Worker-8] INFO  o.e.m.c.i.embedder.EclipseLogger - Using 'UTF-8' encoding to copy filtered resources.
2015-06-29 04:45:54,147 [Worker-8] INFO  o.e.m.c.i.embedder.EclipseLogger - skip non existing resourceDirectory C:\Users\Devin Duanne\Documents\GitHub\FactionChannel\faction\src\test\resources
2015-06-29 04:46:28,101 [Worker-14] INFO  o.e.m.c.i.embedder.EclipseLogger - Using 'UTF-8' encoding to copy filtered resources.
2015-06-29 04:46:28,104 [Worker-14] INFO  o.e.m.c.i.embedder.EclipseLogger - Copying 2 resources
2015-06-29 04:46:28,114 [Worker-14] INFO  o.e.m.c.i.embedder.EclipseLogger - Using 'UTF-8' encoding to copy filtered resources.
2015-06-29 04:46:28,114 [Worker-14] INFO  o.e.m.c.i.embedder.EclipseLogger - skip non existing resourceDirectory C:\Users\Devin Duanne\Documents\GitHub\FactionChannel\faction\src\test\resources
2015-06-29 04:47:47,105 [Worker-8] INFO  o.e.m.c.i.embedder.EclipseLogger - Using 'UTF-8' encoding to copy filtered resources.
2015-06-29 04:47:47,109 [Worker-8] INFO  o.e.m.c.i.embedder.EclipseLogger - Copying 2 resources
2015-06-29 04:47:47,118 [Worker-8] INFO  o.e.m.c.i.embedder.EclipseLogger - Using 'UTF-8' encoding to copy filtered resources.
2015-06-29 04:47:47,119 [Worker-8] INFO  o.e.m.c.i.embedder.EclipseLogger - skip non existing resourceDirectory C:\Users\Devin Duanne\Documents\GitHub\FactionChannel\faction\src\test\resources
2015-06-29 04:48:09,992 [Worker-18] INFO  o.e.m.c.i.embedder.EclipseLogger - Using 'UTF-8' encoding to copy filtered resources.
2015-06-29 04:48:09,994 [Worker-18] INFO  o.e.m.c.i.embedder.EclipseLogger - Copying 2 resources
2015-06-29 04:48:10,002 [Worker-18] INFO  o.e.m.c.i.embedder.EclipseLogger - Using 'UTF-8' encoding to copy filtered resources.
2015-06-29 04:48:10,002 [Worker-18] INFO  o.e.m.c.i.embedder.EclipseLogger - skip non existing resourceDirectory C:\Users\Devin Duanne\Documents\GitHub\FactionChannel\faction\src\test\resources
2015-06-29 04:48:25,146 [Worker-17] INFO  o.e.m.c.i.embedder.EclipseLogger - Using 'UTF-8' encoding to copy filtered resources.
2015-06-29 04:48:25,151 [Worker-17] INFO  o.e.m.c.i.embedder.EclipseLogger - Copying 2 resources
2015-06-29 04:48:25,157 [Worker-17] INFO  o.e.m.c.i.embedder.EclipseLogger - Using 'UTF-8' encoding to copy filtered resources.
2015-06-29 04:48:25,158 [Worker-17] INFO  o.e.m.c.i.embedder.EclipseLogger - skip non existing resourceDirectory C:\Users\Devin Duanne\Documents\GitHub\FactionChannel\faction\src\test\resources
2015-06-29 04:48:35,047 [Worker-18] INFO  o.e.m.c.i.embedder.EclipseLogger - Using 'UTF-8' encoding to copy filtered resources.
2015-06-29 04:48:35,049 [Worker-18] INFO  o.e.m.c.i.embedder.EclipseLogger - Copying 2 resources
2015-06-29 04:48:35,072 [Worker-18] INFO  o.e.m.c.i.embedder.EclipseLogger - Using 'UTF-8' encoding to copy filtered resources.
2015-06-29 04:48:35,073 [Worker-18] INFO  o.e.m.c.i.embedder.EclipseLogger - skip non existing resourceDirectory C:\Users\Devin Duanne\Documents\GitHub\FactionChannel\faction\src\test\resources
2015-06-29 04:52:40,312 [Worker-16] INFO  o.e.m.c.i.embedder.EclipseLogger - Using 'UTF-8' encoding to copy filtered resources.
2015-06-29 04:52:40,314 [Worker-16] INFO  o.e.m.c.i.embedder.EclipseLogger - Copying 2 resources
2015-06-29 04:52:40,322 [Worker-16] INFO  o.e.m.c.i.embedder.EclipseLogger - Using 'UTF-8' encoding to copy filtered resources.
2015-06-29 04:52:40,323 [Worker-16] INFO  o.e.m.c.i.embedder.EclipseLogger - skip non existing resourceDirectory C:\Users\Devin Duanne\Documents\GitHub\FactionChannel\faction\src\test\resources
2015-06-29 04:54:13,715 [Worker-16] INFO  o.e.m.c.i.embedder.EclipseLogger - Using 'UTF-8' encoding to copy filtered resources.
2015-06-29 04:54:13,717 [Worker-16] INFO  o.e.m.c.i.embedder.EclipseLogger - Copying 2 resources
2015-06-29 04:54:13,723 [Worker-16] INFO  o.e.m.c.i.embedder.EclipseLogger - Using 'UTF-8' encoding to copy filtered resources.
2015-06-29 04:54:13,724 [Worker-16] INFO  o.e.m.c.i.embedder.EclipseLogger - skip non existing resourceDirectory C:\Users\Devin Duanne\Documents\GitHub\FactionChannel\faction\src\test\resources
2015-06-29 04:55:14,618 [Worker-8] INFO  o.e.m.c.i.embedder.EclipseLogger - Using 'UTF-8' encoding to copy filtered resources.
2015-06-29 04:55:14,621 [Worker-8] INFO  o.e.m.c.i.embedder.EclipseLogger - Copying 2 resources
2015-06-29 04:55:14,627 [Worker-8] INFO  o.e.m.c.i.embedder.EclipseLogger - Using 'UTF-8' encoding to copy filtered resources.
2015-06-29 04:55:14,627 [Worker-8] INFO  o.e.m.c.i.embedder.EclipseLogger - skip non existing resourceDirectory C:\Users\Devin Duanne\Documents\GitHub\FactionChannel\faction\src\test\resources
2015-06-29 04:55:42,572 [Worker-16] INFO  o.e.m.c.i.embedder.EclipseLogger - Using 'UTF-8' encoding to copy filtered resources.
2015-06-29 04:55:42,574 [Worker-16] INFO  o.e.m.c.i.embedder.EclipseLogger - Copying 2 resources
2015-06-29 04:55:42,579 [Worker-16] INFO  o.e.m.c.i.embedder.EclipseLogger - Using 'UTF-8' encoding to copy filtered resources.
2015-06-29 04:55:42,580 [Worker-16] INFO  o.e.m.c.i.embedder.EclipseLogger - skip non existing resourceDirectory C:\Users\Devin Duanne\Documents\GitHub\FactionChannel\faction\src\test\resources
2015-06-29 05:04:29,345 [Worker-14] INFO  o.e.m.c.i.embedder.EclipseLogger - Using 'UTF-8' encoding to copy filtered resources.
2015-06-29 05:04:29,348 [Worker-14] INFO  o.e.m.c.i.embedder.EclipseLogger - Copying 2 resources
2015-06-29 05:04:29,354 [Worker-14] INFO  o.e.m.c.i.embedder.EclipseLogger - Using 'UTF-8' encoding to copy filtered resources.
2015-06-29 05:04:29,355 [Worker-14] INFO  o.e.m.c.i.embedder.EclipseLogger - skip non existing resourceDirectory C:\Users\Devin Duanne\Documents\GitHub\FactionChannel\faction\src\test\resources
2015-06-29 05:07:14,030 [Worker-14] INFO  o.e.m.c.i.embedder.EclipseLogger - Using 'UTF-8' encoding to copy filtered resources.
2015-06-29 05:07:14,034 [Worker-14] INFO  o.e.m.c.i.embedder.EclipseLogger - Copying 2 resources
2015-06-29 05:07:14,040 [Worker-14] INFO  o.e.m.c.i.embedder.EclipseLogger - Using 'UTF-8' encoding to copy filtered resources.
2015-06-29 05:07:14,040 [Worker-14] INFO  o.e.m.c.i.embedder.EclipseLogger - skip non existing resourceDirectory C:\Users\Devin Duanne\Documents\GitHub\FactionChannel\faction\src\test\resources
2015-06-29 05:10:11,882 [Worker-20] INFO  o.e.m.c.i.embedder.EclipseLogger - Using 'UTF-8' encoding to copy filtered resources.
2015-06-29 05:10:11,884 [Worker-20] INFO  o.e.m.c.i.embedder.EclipseLogger - Copying 2 resources
2015-06-29 05:10:11,890 [Worker-20] INFO  o.e.m.c.i.embedder.EclipseLogger - Using 'UTF-8' encoding to copy filtered resources.
2015-06-29 05:10:11,891 [Worker-20] INFO  o.e.m.c.i.embedder.EclipseLogger - skip non existing resourceDirectory C:\Users\Devin Duanne\Documents\GitHub\FactionChannel\faction\src\test\resources
2015-06-29 05:10:17,549 [Worker-19] INFO  o.e.m.c.i.embedder.EclipseLogger - Using 'UTF-8' encoding to copy filtered resources.
2015-06-29 05:10:17,551 [Worker-19] INFO  o.e.m.c.i.embedder.EclipseLogger - Copying 2 resources
2015-06-29 05:10:17,560 [Worker-19] INFO  o.e.m.c.i.embedder.EclipseLogger - Using 'UTF-8' encoding to copy filtered resources.
2015-06-29 05:10:17,561 [Worker-19] INFO  o.e.m.c.i.embedder.EclipseLogger - skip non existing resourceDirectory C:\Users\Devin Duanne\Documents\GitHub\FactionChannel\faction\src\test\resources
2015-06-29 05:14:28,745 [Worker-21] INFO  o.e.m.c.i.embedder.EclipseLogger - Using 'UTF-8' encoding to copy filtered resources.
2015-06-29 05:14:28,748 [Worker-21] INFO  o.e.m.c.i.embedder.EclipseLogger - Copying 2 resources
2015-06-29 05:14:28,767 [Worker-21] INFO  o.e.m.c.i.embedder.EclipseLogger - Using 'UTF-8' encoding to copy filtered resources.
2015-06-29 05:14:28,768 [Worker-21] INFO  o.e.m.c.i.embedder.EclipseLogger - skip non existing resourceDirectory C:\Users\Devin Duanne\Documents\GitHub\FactionChannel\faction\src\test\resources
2015-06-29 05:18:43,992 [Worker-15] INFO  o.e.m.c.i.l.LifecycleMappingFactory - Using org.eclipse.m2e.jdt.JarLifecycleMapping lifecycle mapping for MavenProject: com.feildmaster.module.faction:FactionChannel:2.0 @ C:\Users\Devin Duanne\Documents\GitHub\FactionChannel\faction\pom.xml.
2015-06-29 05:19:05,969 [Worker-16] INFO  o.e.m.c.i.l.LifecycleMappingFactory - Using org.eclipse.m2e.jdt.JarLifecycleMapping lifecycle mapping for MavenProject: com.feildmaster.module.faction:FactionChannel:2.0 @ C:\Users\Devin Duanne\Documents\GitHub\FactionChannel\faction\pom.xml.
2015-06-29 05:19:38,369 [Worker-14] INFO  o.e.m.c.i.l.LifecycleMappingFactory - Using org.eclipse.m2e.jdt.JarLifecycleMapping lifecycle mapping for MavenProject: com.feildmaster.module.faction:FactionChannel:2.0 @ C:\Users\Devin Duanne\Documents\GitHub\FactionChannel\faction\pom.xml.
2015-06-29 05:19:38,772 [Worker-14] INFO  o.e.m.c.i.embedder.EclipseLogger - Using 'UTF-8' encoding to copy filtered resources.
2015-06-29 05:19:38,774 [Worker-14] INFO  o.e.m.c.i.embedder.EclipseLogger - Copying 0 resource
2015-06-29 05:19:38,779 [Worker-14] INFO  o.e.m.c.i.embedder.EclipseLogger - Using 'UTF-8' encoding to copy filtered resources.
2015-06-29 05:19:38,779 [Worker-14] INFO  o.e.m.c.i.embedder.EclipseLogger - skip non existing resourceDirectory C:\Users\Devin Duanne\Documents\GitHub\FactionChannel\faction\src\test\resources
2015-06-29 05:19:40,276 [Worker-20] INFO  o.e.m.c.i.embedder.EclipseLogger - Using 'UTF-8' encoding to copy filtered resources.
2015-06-29 05:19:40,278 [Worker-20] INFO  o.e.m.c.i.embedder.EclipseLogger - Copying 2 resources
2015-06-29 05:19:40,285 [Worker-20] INFO  o.e.m.c.i.embedder.EclipseLogger - Using 'UTF-8' encoding to copy filtered resources.
2015-06-29 05:19:40,286 [Worker-20] INFO  o.e.m.c.i.embedder.EclipseLogger - skip non existing resourceDirectory C:\Users\Devin Duanne\Documents\GitHub\FactionChannel\faction\src\test\resources
2015-06-29 05:20:36,322 [Worker-15] INFO  o.e.m.c.i.embedder.EclipseLogger - Using 'UTF-8' encoding to copy filtered resources.
2015-06-29 05:20:36,324 [Worker-15] INFO  o.e.m.c.i.embedder.EclipseLogger - Copying 2 resources
2015-06-29 05:20:36,340 [Worker-15] INFO  o.e.m.c.i.embedder.EclipseLogger - Using 'UTF-8' encoding to copy filtered resources.
2015-06-29 05:20:36,340 [Worker-15] INFO  o.e.m.c.i.embedder.EclipseLogger - skip non existing resourceDirectory C:\Users\Devin Duanne\Documents\GitHub\FactionChannel\faction\src\test\resources
2015-06-29 05:21:01,502 [Worker-16] INFO  o.e.m.c.i.embedder.EclipseLogger - Using 'UTF-8' encoding to copy filtered resources.
2015-06-29 05:21:01,504 [Worker-16] INFO  o.e.m.c.i.embedder.EclipseLogger - Copying 2 resources
2015-06-29 05:21:01,520 [Worker-16] INFO  o.e.m.c.i.embedder.EclipseLogger - Using 'UTF-8' encoding to copy filtered resources.
2015-06-29 05:21:01,521 [Worker-16] INFO  o.e.m.c.i.embedder.EclipseLogger - skip non existing resourceDirectory C:\Users\Devin Duanne\Documents\GitHub\FactionChannel\faction\src\test\resources
2015-06-29 05:21:11,368 [Worker-14] INFO  o.e.m.c.i.embedder.EclipseLogger - Using 'UTF-8' encoding to copy filtered resources.
2015-06-29 05:21:11,370 [Worker-14] INFO  o.e.m.c.i.embedder.EclipseLogger - Copying 2 resources
2015-06-29 05:21:11,383 [Worker-14] INFO  o.e.m.c.i.embedder.EclipseLogger - Using 'UTF-8' encoding to copy filtered resources.
2015-06-29 05:21:11,384 [Worker-14] INFO  o.e.m.c.i.embedder.EclipseLogger - skip non existing resourceDirectory C:\Users\Devin Duanne\Documents\GitHub\FactionChannel\faction\src\test\resources
2015-06-29 05:21:17,125 [Worker-15] INFO  o.e.m.c.i.embedder.EclipseLogger - Using 'UTF-8' encoding to copy filtered resources.
2015-06-29 05:21:17,128 [Worker-15] INFO  o.e.m.c.i.embedder.EclipseLogger - Copying 2 resources
2015-06-29 05:21:17,141 [Worker-15] INFO  o.e.m.c.i.embedder.EclipseLogger - Using 'UTF-8' encoding to copy filtered resources.
2015-06-29 05:21:17,141 [Worker-15] INFO  o.e.m.c.i.embedder.EclipseLogger - skip non existing resourceDirectory C:\Users\Devin Duanne\Documents\GitHub\FactionChannel\faction\src\test\resources
2015-06-29 05:21:36,045 [Worker-16] INFO  o.e.m.c.i.embedder.EclipseLogger - Using 'UTF-8' encoding to copy filtered resources.
2015-06-29 05:21:36,050 [Worker-16] INFO  o.e.m.c.i.embedder.EclipseLogger - Copying 2 resources
2015-06-29 05:21:36,056 [Worker-16] INFO  o.e.m.c.i.embedder.EclipseLogger - Using 'UTF-8' encoding to copy filtered resources.
2015-06-29 05:21:36,057 [Worker-16] INFO  o.e.m.c.i.embedder.EclipseLogger - skip non existing resourceDirectory C:\Users\Devin Duanne\Documents\GitHub\FactionChannel\faction\src\test\resources
2015-06-29 05:22:07,130 [Worker-15] INFO  o.e.m.c.i.embedder.EclipseLogger - Using 'UTF-8' encoding to copy filtered resources.
2015-06-29 05:22:07,132 [Worker-15] INFO  o.e.m.c.i.embedder.EclipseLogger - Copying 2 resources
2015-06-29 05:22:07,161 [Worker-15] INFO  o.e.m.c.i.embedder.EclipseLogger - Using 'UTF-8' encoding to copy filtered resources.
2015-06-29 05:22:07,162 [Worker-15] INFO  o.e.m.c.i.embedder.EclipseLogger - skip non existing resourceDirectory C:\Users\Devin Duanne\Documents\GitHub\FactionChannel\faction\src\test\resources
2015-06-29 05:22:12,409 [Worker-20] INFO  o.e.m.c.i.embedder.EclipseLogger - Using 'UTF-8' encoding to copy filtered resources.
2015-06-29 05:22:12,411 [Worker-20] INFO  o.e.m.c.i.embedder.EclipseLogger - Copying 2 resources
2015-06-29 05:22:12,422 [Worker-20] INFO  o.e.m.c.i.embedder.EclipseLogger - Using 'UTF-8' encoding to copy filtered resources.
2015-06-29 05:22:12,423 [Worker-20] INFO  o.e.m.c.i.embedder.EclipseLogger - skip non existing resourceDirectory C:\Users\Devin Duanne\Documents\GitHub\FactionChannel\faction\src\test\resources
2015-06-29 05:23:59,876 [Worker-21] INFO  o.e.m.c.i.embedder.EclipseLogger - Using 'UTF-8' encoding to copy filtered resources.
2015-06-29 05:23:59,877 [Worker-21] INFO  o.e.m.c.i.embedder.EclipseLogger - Copying 2 resources
2015-06-29 05:23:59,883 [Worker-21] INFO  o.e.m.c.i.embedder.EclipseLogger - Using 'UTF-8' encoding to copy filtered resources.
2015-06-29 05:23:59,885 [Worker-21] INFO  o.e.m.c.i.embedder.EclipseLogger - skip non existing resourceDirectory C:\Users\Devin Duanne\Documents\GitHub\FactionChannel\faction\src\test\resources
2015-06-29 05:24:13,747 [Worker-22] INFO  o.e.m.c.i.embedder.EclipseLogger - Using 'UTF-8' encoding to copy filtered resources.
2015-06-29 05:24:13,749 [Worker-22] INFO  o.e.m.c.i.embedder.EclipseLogger - Copying 2 resources
2015-06-29 05:24:13,758 [Worker-22] INFO  o.e.m.c.i.embedder.EclipseLogger - Using 'UTF-8' encoding to copy filtered resources.
2015-06-29 05:24:13,758 [Worker-22] INFO  o.e.m.c.i.embedder.EclipseLogger - skip non existing resourceDirectory C:\Users\Devin Duanne\Documents\GitHub\FactionChannel\faction\src\test\resources
2015-06-29 05:24:24,897 [Worker-14] INFO  o.e.m.c.i.embedder.EclipseLogger - Using 'UTF-8' encoding to copy filtered resources.
2015-06-29 05:24:24,900 [Worker-14] INFO  o.e.m.c.i.embedder.EclipseLogger - Copying 2 resources
2015-06-29 05:24:24,905 [Worker-14] INFO  o.e.m.c.i.embedder.EclipseLogger - Using 'UTF-8' encoding to copy filtered resources.
2015-06-29 05:24:24,905 [Worker-14] INFO  o.e.m.c.i.embedder.EclipseLogger - skip non existing resourceDirectory C:\Users\Devin Duanne\Documents\GitHub\FactionChannel\faction\src\test\resources
2015-06-29 05:24:29,420 [Worker-20] INFO  o.e.m.c.i.embedder.EclipseLogger - Using 'UTF-8' encoding to copy filtered resources.
2015-06-29 05:24:29,422 [Worker-20] INFO  o.e.m.c.i.embedder.EclipseLogger - Copying 2 resources
2015-06-29 05:24:29,427 [Worker-20] INFO  o.e.m.c.i.embedder.EclipseLogger - Using 'UTF-8' encoding to copy filtered resources.
2015-06-29 05:24:29,427 [Worker-20] INFO  o.e.m.c.i.embedder.EclipseLogger - skip non existing resourceDirectory C:\Users\Devin Duanne\Documents\GitHub\FactionChannel\faction\src\test\resources
2015-06-29 05:24:56,607 [Worker-21] INFO  o.e.m.c.i.embedder.EclipseLogger - Using 'UTF-8' encoding to copy filtered resources.
2015-06-29 05:24:56,609 [Worker-21] INFO  o.e.m.c.i.embedder.EclipseLogger - Copying 2 resources
2015-06-29 05:24:56,631 [Worker-21] INFO  o.e.m.c.i.embedder.EclipseLogger - Using 'UTF-8' encoding to copy filtered resources.
2015-06-29 05:24:56,631 [Worker-21] INFO  o.e.m.c.i.embedder.EclipseLogger - skip non existing resourceDirectory C:\Users\Devin Duanne\Documents\GitHub\FactionChannel\faction\src\test\resources
2015-06-29 05:25:01,373 [Worker-15] INFO  o.e.m.c.i.embedder.EclipseLogger - Using 'UTF-8' encoding to copy filtered resources.
2015-06-29 05:25:01,374 [Worker-15] INFO  o.e.m.c.i.embedder.EclipseLogger - Copying 2 resources
2015-06-29 05:25:01,386 [Worker-15] INFO  o.e.m.c.i.embedder.EclipseLogger - Using 'UTF-8' encoding to copy filtered resources.
2015-06-29 05:25:01,386 [Worker-15] INFO  o.e.m.c.i.embedder.EclipseLogger - skip non existing resourceDirectory C:\Users\Devin Duanne\Documents\GitHub\FactionChannel\faction\src\test\resources
2015-06-29 05:25:11,474 [Worker-16] INFO  o.e.m.c.i.embedder.EclipseLogger - Using 'UTF-8' encoding to copy filtered resources.
2015-06-29 05:25:11,476 [Worker-16] INFO  o.e.m.c.i.embedder.EclipseLogger - Copying 2 resources
2015-06-29 05:25:11,485 [Worker-16] INFO  o.e.m.c.i.embedder.EclipseLogger - Using 'UTF-8' encoding to copy filtered resources.
2015-06-29 05:25:11,487 [Worker-16] INFO  o.e.m.c.i.embedder.EclipseLogger - skip non existing resourceDirectory C:\Users\Devin Duanne\Documents\GitHub\FactionChannel\faction\src\test\resources
2015-06-29 05:25:19,743 [Worker-14] INFO  o.e.m.c.i.embedder.EclipseLogger - Using 'UTF-8' encoding to copy filtered resources.
2015-06-29 05:25:19,744 [Worker-14] INFO  o.e.m.c.i.embedder.EclipseLogger - Copying 2 resources
2015-06-29 05:25:19,751 [Worker-14] INFO  o.e.m.c.i.embedder.EclipseLogger - Using 'UTF-8' encoding to copy filtered resources.
2015-06-29 05:25:19,751 [Worker-14] INFO  o.e.m.c.i.embedder.EclipseLogger - skip non existing resourceDirectory C:\Users\Devin Duanne\Documents\GitHub\FactionChannel\faction\src\test\resources
2015-06-29 05:25:23,471 [Worker-14] INFO  o.e.m.c.i.embedder.EclipseLogger - Using 'UTF-8' encoding to copy filtered resources.
2015-06-29 05:25:23,472 [Worker-14] INFO  o.e.m.c.i.embedder.EclipseLogger - Copying 2 resources
2015-06-29 05:25:23,478 [Worker-14] INFO  o.e.m.c.i.embedder.EclipseLogger - Using 'UTF-8' encoding to copy filtered resources.
2015-06-29 05:25:23,478 [Worker-14] INFO  o.e.m.c.i.embedder.EclipseLogger - skip non existing resourceDirectory C:\Users\Devin Duanne\Documents\GitHub\FactionChannel\faction\src\test\resources
2015-06-29 05:26:09,016 [Worker-15] INFO  o.e.m.c.i.embedder.EclipseLogger - Using 'UTF-8' encoding to copy filtered resources.
2015-06-29 05:26:09,018 [Worker-15] INFO  o.e.m.c.i.embedder.EclipseLogger - Copying 2 resources
2015-06-29 05:26:09,023 [Worker-15] INFO  o.e.m.c.i.embedder.EclipseLogger - Using 'UTF-8' encoding to copy filtered resources.
2015-06-29 05:26:09,024 [Worker-15] INFO  o.e.m.c.i.embedder.EclipseLogger - skip non existing resourceDirectory C:\Users\Devin Duanne\Documents\GitHub\FactionChannel\faction\src\test\resources
2015-06-29 05:28:54,177 [Worker-21] INFO  o.e.m.c.i.embedder.EclipseLogger - Using 'UTF-8' encoding to copy filtered resources.
2015-06-29 05:28:54,179 [Worker-21] INFO  o.e.m.c.i.embedder.EclipseLogger - Copying 2 resources
2015-06-29 05:28:54,183 [Worker-21] INFO  o.e.m.c.i.embedder.EclipseLogger - Using 'UTF-8' encoding to copy filtered resources.
2015-06-29 05:28:54,185 [Worker-21] INFO  o.e.m.c.i.embedder.EclipseLogger - skip non existing resourceDirectory C:\Users\Devin Duanne\Documents\GitHub\FactionChannel\faction\src\test\resources
2015-06-29 05:34:04,623 [Worker-23] INFO  o.e.m.c.i.e.AbstractTransferListenerAdapter - Downloading https://hub.spigotmc.org/nexus/content/groups/public/org/bukkit/bukkit/1.8-R0.1-SNAPSHOT/bukkit-1.8-R0.1-20150227.224714-194-sources.jar
2015-06-29 05:34:06,357 [Worker-23] INFO  o.e.m.c.i.e.AbstractTransferListenerAdapter - Downloaded https://hub.spigotmc.org/nexus/content/groups/public/org/bukkit/bukkit/1.8-R0.1-SNAPSHOT/bukkit-1.8-R0.1-20150227.224714-194-sources.jar
2015-06-29 05:34:06,534 [Worker-23] INFO  o.e.m.j.internal.DownloadSourcesJob - Downloaded sources for org.bukkit:bukkit:1.8-R0.1-SNAPSHOT
2015-06-29 05:34:06,843 [Worker-15] INFO  o.e.m.c.i.embedder.EclipseLogger - Using 'UTF-8' encoding to copy filtered resources.
2015-06-29 05:34:06,844 [Worker-15] INFO  o.e.m.c.i.embedder.EclipseLogger - Copying 0 resource
2015-06-29 05:34:06,847 [Worker-15] INFO  o.e.m.c.i.embedder.EclipseLogger - Using 'UTF-8' encoding to copy filtered resources.
2015-06-29 05:34:06,848 [Worker-15] INFO  o.e.m.c.i.embedder.EclipseLogger - skip non existing resourceDirectory C:\Users\Devin Duanne\Documents\GitHub\FactionChannel\faction\src\test\resources
2015-06-29 05:35:44,124 [Worker-15] INFO  o.e.m.c.i.embedder.EclipseLogger - Using 'UTF-8' encoding to copy filtered resources.
2015-06-29 05:35:44,126 [Worker-15] INFO  o.e.m.c.i.embedder.EclipseLogger - Copying 2 resources
2015-06-29 05:35:44,134 [Worker-15] INFO  o.e.m.c.i.embedder.EclipseLogger - Using 'UTF-8' encoding to copy filtered resources.
2015-06-29 05:35:44,135 [Worker-15] INFO  o.e.m.c.i.embedder.EclipseLogger - skip non existing resourceDirectory C:\Users\Devin Duanne\Documents\GitHub\FactionChannel\faction\src\test\resources
2015-06-29 05:36:57,215 [Worker-24] INFO  o.e.m.c.i.embedder.EclipseLogger - Using 'UTF-8' encoding to copy filtered resources.
2015-06-29 05:36:57,218 [Worker-24] INFO  o.e.m.c.i.embedder.EclipseLogger - Copying 2 resources
2015-06-29 05:36:57,243 [Worker-24] INFO  o.e.m.c.i.embedder.EclipseLogger - Using 'UTF-8' encoding to copy filtered resources.
2015-06-29 05:36:57,244 [Worker-24] INFO  o.e.m.c.i.embedder.EclipseLogger - skip non existing resourceDirectory C:\Users\Devin Duanne\Documents\GitHub\FactionChannel\faction\src\test\resources
2015-06-29 05:38:23,448 [Worker-14] INFO  o.e.m.c.i.embedder.EclipseLogger - Using 'UTF-8' encoding to copy filtered resources.
2015-06-29 05:38:23,450 [Worker-14] INFO  o.e.m.c.i.embedder.EclipseLogger - Copying 2 resources
2015-06-29 05:38:23,457 [Worker-14] INFO  o.e.m.c.i.embedder.EclipseLogger - Using 'UTF-8' encoding to copy filtered resources.
2015-06-29 05:38:23,458 [Worker-14] INFO  o.e.m.c.i.embedder.EclipseLogger - skip non existing resourceDirectory C:\Users\Devin Duanne\Documents\GitHub\FactionChannel\faction\src\test\resources
2015-06-29 05:43:11,696 [Worker-15] INFO  o.e.m.c.i.l.LifecycleMappingFactory - Using org.eclipse.m2e.jdt.JarLifecycleMapping lifecycle mapping for MavenProject: com.feildmaster.module.faction:FactionChannel:2.0 @ C:\Users\Devin Duanne\Documents\GitHub\FactionChannel\faction\pom.xml.
2015-06-29 05:43:12,134 [Worker-15] INFO  o.e.m.c.i.embedder.EclipseLogger - Using 'UTF-8' encoding to copy filtered resources.
2015-06-29 05:43:12,135 [Worker-15] INFO  o.e.m.c.i.embedder.EclipseLogger - Copying 0 resource
2015-06-29 05:43:12,138 [Worker-15] INFO  o.e.m.c.i.embedder.EclipseLogger - Using 'UTF-8' encoding to copy filtered resources.
2015-06-29 05:43:12,139 [Worker-15] INFO  o.e.m.c.i.embedder.EclipseLogger - skip non existing resourceDirectory C:\Users\Devin Duanne\Documents\GitHub\FactionChannel\faction\src\test\resources
2015-06-29 05:43:13,727 [Worker-24] INFO  o.e.m.c.i.embedder.EclipseLogger - Using 'UTF-8' encoding to copy filtered resources.
2015-06-29 05:43:13,728 [Worker-24] INFO  o.e.m.c.i.embedder.EclipseLogger - Copying 2 resources
2015-06-29 05:43:13,734 [Worker-24] INFO  o.e.m.c.i.embedder.EclipseLogger - Using 'UTF-8' encoding to copy filtered resources.
2015-06-29 05:43:13,735 [Worker-24] INFO  o.e.m.c.i.embedder.EclipseLogger - skip non existing resourceDirectory C:\Users\Devin Duanne\Documents\GitHub\FactionChannel\faction\src\test\resources
2015-06-29 05:43:35,830 [Worker-20] INFO  o.e.m.c.i.l.LifecycleMappingFactory - Using org.eclipse.m2e.jdt.JarLifecycleMapping lifecycle mapping for MavenProject: com.feildmaster.module.faction:FactionChannel:2.0 @ C:\Users\Devin Duanne\Documents\GitHub\FactionChannel\faction\pom.xml.
2015-06-29 05:43:36,208 [Worker-20] INFO  o.e.m.c.i.embedder.EclipseLogger - Using 'UTF-8' encoding to copy filtered resources.
2015-06-29 05:43:36,209 [Worker-20] INFO  o.e.m.c.i.embedder.EclipseLogger - Copying 0 resource
2015-06-29 05:43:36,211 [Worker-20] INFO  o.e.m.c.i.embedder.EclipseLogger - Using 'UTF-8' encoding to copy filtered resources.
2015-06-29 05:43:36,212 [Worker-20] INFO  o.e.m.c.i.embedder.EclipseLogger - skip non existing resourceDirectory C:\Users\Devin Duanne\Documents\GitHub\FactionChannel\faction\src\test\resources
2015-06-29 05:43:37,738 [Worker-23] INFO  o.e.m.c.i.embedder.EclipseLogger - Using 'UTF-8' encoding to copy filtered resources.
2015-06-29 05:43:37,744 [Worker-23] INFO  o.e.m.c.i.embedder.EclipseLogger - Copying 2 resources
2015-06-29 05:43:37,750 [Worker-23] INFO  o.e.m.c.i.embedder.EclipseLogger - Using 'UTF-8' encoding to copy filtered resources.
2015-06-29 05:43:37,750 [Worker-23] INFO  o.e.m.c.i.embedder.EclipseLogger - skip non existing resourceDirectory C:\Users\Devin Duanne\Documents\GitHub\FactionChannel\faction\src\test\resources
2015-06-29 05:46:16,820 [Worker-20] INFO  o.e.m.c.i.l.LifecycleMappingFactory - Using org.eclipse.m2e.jdt.JarLifecycleMapping lifecycle mapping for MavenProject: com.feildmaster.module.faction:FactionChannel:2.0 @ C:\Users\Devin Duanne\Documents\GitHub\FactionChannel\faction\pom.xml.
2015-06-29 05:46:17,240 [Worker-20] INFO  o.e.m.c.i.embedder.EclipseLogger - Using 'UTF-8' encoding to copy filtered resources.
2015-06-29 05:46:17,243 [Worker-20] INFO  o.e.m.c.i.embedder.EclipseLogger - Copying 2 resources
2015-06-29 05:46:17,249 [Worker-20] INFO  o.e.m.c.i.embedder.EclipseLogger - Using 'UTF-8' encoding to copy filtered resources.
2015-06-29 05:46:17,249 [Worker-20] INFO  o.e.m.c.i.embedder.EclipseLogger - skip non existing resourceDirectory C:\Users\Devin Duanne\Documents\GitHub\FactionChannel\faction\src\test\resources
2015-06-29 05:54:31,408 [Worker-25] INFO  o.e.m.c.i.l.LifecycleMappingFactory - Using org.eclipse.m2e.jdt.JarLifecycleMapping lifecycle mapping for MavenProject: com.feildmaster.module.faction:FactionChannel:2.0 @ C:\Users\Devin Duanne\Documents\GitHub\FactionChannel\faction\pom.xml.
2015-06-29 05:54:33,042 [Worker-25] INFO  o.e.m.c.i.embedder.EclipseLogger - Using 'UTF-8' encoding to copy filtered resources.
2015-06-29 05:54:33,043 [Worker-25] INFO  o.e.m.c.i.embedder.EclipseLogger - Copying 0 resource
2015-06-29 05:54:33,045 [Worker-25] INFO  o.e.m.c.i.embedder.EclipseLogger - Using 'UTF-8' encoding to copy filtered resources.
2015-06-29 05:54:33,046 [Worker-25] INFO  o.e.m.c.i.embedder.EclipseLogger - skip non existing resourceDirectory C:\Users\Devin Duanne\Documents\GitHub\FactionChannel\faction\src\test\resources
2015-06-29 05:54:37,812 [Worker-26] INFO  o.e.m.c.i.embedder.EclipseLogger - Using 'UTF-8' encoding to copy filtered resources.
2015-06-29 05:54:37,813 [Worker-26] INFO  o.e.m.c.i.embedder.EclipseLogger - Copying 2 resources
2015-06-29 05:54:37,819 [Worker-26] INFO  o.e.m.c.i.embedder.EclipseLogger - Using 'UTF-8' encoding to copy filtered resources.
2015-06-29 05:54:37,820 [Worker-26] INFO  o.e.m.c.i.embedder.EclipseLogger - skip non existing resourceDirectory C:\Users\Devin Duanne\Documents\GitHub\FactionChannel\faction\src\test\resources
2015-06-29 05:54:39,697 [Worker-27] INFO  o.e.m.c.i.embedder.EclipseLogger - Using 'UTF-8' encoding to copy filtered resources.
2015-06-29 05:54:39,699 [Worker-27] INFO  o.e.m.c.i.embedder.EclipseLogger - Copying 2 resources
2015-06-29 05:54:39,935 [Worker-27] INFO  o.e.m.c.i.embedder.EclipseLogger - Using 'UTF-8' encoding to copy filtered resources.
2015-06-29 05:54:39,936 [Worker-27] INFO  o.e.m.c.i.embedder.EclipseLogger - skip non existing resourceDirectory C:\Users\Devin Duanne\Documents\GitHub\FactionChannel\faction\src\test\resources
